mode: atomic
github.com/DavidSchott/chitchat/handler/auth.go:23.64,30.49 6 5
github.com/DavidSchott/chitchat/handler/auth.go:33.2,34.47 2 5
github.com/DavidSchott/chitchat/handler/auth.go:77.2,77.8 1 3
github.com/DavidSchott/chitchat/handler/auth.go:30.49,32.3 1 5
github.com/DavidSchott/chitchat/handler/auth.go:34.47,36.17 2 5
github.com/DavidSchott/chitchat/handler/auth.go:40.3,40.33 1 4
github.com/DavidSchott/chitchat/handler/auth.go:36.17,39.4 2 1
github.com/DavidSchott/chitchat/handler/auth.go:40.33,43.4 1 1
github.com/DavidSchott/chitchat/handler/auth.go:43.9,43.44 1 3
github.com/DavidSchott/chitchat/handler/auth.go:43.44,44.20 1 2
github.com/DavidSchott/chitchat/handler/auth.go:51.4,52.18 2 2
github.com/DavidSchott/chitchat/handler/auth.go:56.4,68.25 3 2
github.com/DavidSchott/chitchat/handler/auth.go:44.20,49.5 1 0
github.com/DavidSchott/chitchat/handler/auth.go:52.18,54.5 1 0
github.com/DavidSchott/chitchat/handler/auth.go:70.9,75.4 1 1
github.com/DavidSchott/chitchat/handler/auth.go:82.69,85.47 3 5
github.com/DavidSchott/chitchat/handler/auth.go:129.2,129.8 1 3
github.com/DavidSchott/chitchat/handler/auth.go:85.47,87.17 2 5
github.com/DavidSchott/chitchat/handler/auth.go:91.3,91.33 1 4
github.com/DavidSchott/chitchat/handler/auth.go:87.17,90.4 2 1
github.com/DavidSchott/chitchat/handler/auth.go:91.33,94.4 1 1
github.com/DavidSchott/chitchat/handler/auth.go:94.9,98.18 2 3
github.com/DavidSchott/chitchat/handler/auth.go:104.4,105.77 2 3
github.com/DavidSchott/chitchat/handler/auth.go:109.4,110.18 2 2
github.com/DavidSchott/chitchat/handler/auth.go:114.4,126.25 3 2
github.com/DavidSchott/chitchat/handler/auth.go:98.18,103.5 1 0
github.com/DavidSchott/chitchat/handler/auth.go:105.77,107.5 1 1
github.com/DavidSchott/chitchat/handler/auth.go:110.18,112.5 1 0
github.com/DavidSchott/chitchat/handler/auth.go:133.41,134.66 1 3
github.com/DavidSchott/chitchat/handler/auth.go:134.66,137.138 1 17
github.com/DavidSchott/chitchat/handler/auth.go:140.3,141.48 2 12
github.com/DavidSchott/chitchat/handler/auth.go:167.3,167.9 1 0
github.com/DavidSchott/chitchat/handler/auth.go:137.138,139.4 1 5
github.com/DavidSchott/chitchat/handler/auth.go:141.48,143.18 2 12
github.com/DavidSchott/chitchat/handler/auth.go:147.4,147.34 1 11
github.com/DavidSchott/chitchat/handler/auth.go:165.4,165.18 1 8
github.com/DavidSchott/chitchat/handler/auth.go:143.18,146.5 2 1
github.com/DavidSchott/chitchat/handler/auth.go:147.34,151.19 2 7
github.com/DavidSchott/chitchat/handler/auth.go:157.5,159.19 3 7
github.com/DavidSchott/chitchat/handler/auth.go:151.19,156.6 1 0
github.com/DavidSchott/chitchat/handler/auth.go:159.19,161.6 1 3
github.com/DavidSchott/chitchat/handler/auth.go:172.51,175.25 2 10
github.com/DavidSchott/chitchat/handler/auth.go:178.2,178.27 1 10
github.com/DavidSchott/chitchat/handler/auth.go:175.25,177.3 1 0
github.com/DavidSchott/chitchat/handler/auth.go:182.57,184.23 2 10
github.com/DavidSchott/chitchat/handler/auth.go:187.2,188.16 2 10
github.com/DavidSchott/chitchat/handler/auth.go:191.2,191.25 1 10
github.com/DavidSchott/chitchat/handler/auth.go:184.23,186.3 1 0
github.com/DavidSchott/chitchat/handler/auth.go:188.16,190.3 1 0
github.com/DavidSchott/chitchat/handler/auth.go:196.50,198.2 1 26
github.com/DavidSchott/chitchat/handler/init_routes.go:28.37,66.2 12 1
github.com/DavidSchott/chitchat/handler/init_routes.go:68.13,74.2 4 1
github.com/DavidSchott/chitchat/handler/init_routes.go:76.16,78.16 2 1
github.com/DavidSchott/chitchat/handler/init_routes.go:85.2,85.69 1 1
github.com/DavidSchott/chitchat/handler/init_routes.go:78.16,80.17 2 0
github.com/DavidSchott/chitchat/handler/init_routes.go:80.17,82.4 1 0
github.com/DavidSchott/chitchat/handler/init_routes.go:88.19,90.16 2 1
github.com/DavidSchott/chitchat/handler/init_routes.go:96.2,99.16 4 1
github.com/DavidSchott/chitchat/handler/init_routes.go:90.16,92.17 2 1
github.com/DavidSchott/chitchat/handler/init_routes.go:92.17,94.4 1 0
github.com/DavidSchott/chitchat/handler/init_routes.go:99.16,101.3 1 0
github.com/DavidSchott/chitchat/handler/route_chatroom.go:12.69,15.47 3 13
github.com/DavidSchott/chitchat/handler/route_chatroom.go:38.2,38.12 1 0
github.com/DavidSchott/chitchat/handler/route_chatroom.go:15.47,17.17 2 13
github.com/DavidSchott/chitchat/handler/route_chatroom.go:21.3,21.19 1 12
github.com/DavidSchott/chitchat/handler/route_chatroom.go:17.17,20.4 2 1
github.com/DavidSchott/chitchat/handler/route_chatroom.go:22.14,24.14 2 4
github.com/DavidSchott/chitchat/handler/route_chatroom.go:25.14,27.14 2 4
github.com/DavidSchott/chitchat/handler/route_chatroom.go:28.17,30.14 2 4
github.com/DavidSchott/chitchat/handler/route_chatroom.go:32.8,36.3 1 0
github.com/DavidSchott/chitchat/handler/route_chatroom.go:43.87,45.16 2 4
github.com/DavidSchott/chitchat/handler/route_chatroom.go:48.2,50.8 3 4
github.com/DavidSchott/chitchat/handler/route_chatroom.go:45.16,47.3 1 0
github.com/DavidSchott/chitchat/handler/route_chatroom.go:55.69,63.49 6 9
github.com/DavidSchott/chitchat/handler/route_chatroom.go:67.2,67.40 1 9
github.com/DavidSchott/chitchat/handler/route_chatroom.go:72.2,73.16 2 3
github.com/DavidSchott/chitchat/handler/route_chatroom.go:76.2,79.8 4 3
github.com/DavidSchott/chitchat/handler/route_chatroom.go:63.49,66.3 2 0
github.com/DavidSchott/chitchat/handler/route_chatroom.go:67.40,70.3 2 6
github.com/DavidSchott/chitchat/handler/route_chatroom.go:73.16,75.3 1 0
github.com/DavidSchott/chitchat/handler/route_chatroom.go:84.114,89.49 5 4
github.com/DavidSchott/chitchat/handler/route_chatroom.go:93.2,93.50 1 4
github.com/DavidSchott/chitchat/handler/route_chatroom.go:98.2,99.16 2 4
github.com/DavidSchott/chitchat/handler/route_chatroom.go:102.2,105.8 4 4
github.com/DavidSchott/chitchat/handler/route_chatroom.go:89.49,92.3 2 0
github.com/DavidSchott/chitchat/handler/route_chatroom.go:93.50,96.3 2 0
github.com/DavidSchott/chitchat/handler/route_chatroom.go:99.16,101.3 1 0
github.com/DavidSchott/chitchat/handler/route_chatroom.go:110.90,112.16 2 4
github.com/DavidSchott/chitchat/handler/route_chatroom.go:117.2,119.8 3 4
github.com/DavidSchott/chitchat/handler/route_chatroom.go:112.16,115.3 2 0
github.com/DavidSchott/chitchat/handler/route_errors.go:13.72,14.33 1 36
github.com/DavidSchott/chitchat/handler/route_errors.go:14.33,15.45 1 15
github.com/DavidSchott/chitchat/handler/route_errors.go:15.45,19.48 4 15
github.com/DavidSchott/chitchat/handler/route_errors.go:30.4,30.34 1 15
github.com/DavidSchott/chitchat/handler/route_errors.go:19.48,21.5 1 4
github.com/DavidSchott/chitchat/handler/route_errors.go:21.10,21.99 1 11
github.com/DavidSchott/chitchat/handler/route_errors.go:21.99,23.5 1 6
github.com/DavidSchott/chitchat/handler/route_errors.go:23.10,23.121 1 5
github.com/DavidSchott/chitchat/handler/route_errors.go:23.121,25.5 1 1
github.com/DavidSchott/chitchat/handler/route_errors.go:25.10,25.33 1 4
github.com/DavidSchott/chitchat/handler/route_errors.go:25.33,27.5 1 4
github.com/DavidSchott/chitchat/handler/route_errors.go:27.10,29.5 1 0
github.com/DavidSchott/chitchat/handler/route_errors.go:31.9,34.4 2 0
github.com/DavidSchott/chitchat/handler/route_errors.go:38.55,41.2 2 4
github.com/DavidSchott/chitchat/handler/route_errors.go:43.59,46.2 2 1
github.com/DavidSchott/chitchat/handler/route_errors.go:48.56,51.2 2 4
github.com/DavidSchott/chitchat/handler/route_errors.go:53.57,56.2 2 6
github.com/DavidSchott/chitchat/handler/route_errors.go:58.55,61.2 2 0
github.com/DavidSchott/chitchat/handler/route_errors.go:64.82,67.2 2 0
github.com/DavidSchott/chitchat/handler/route_errors.go:71.69,75.2 3 0
github.com/DavidSchott/chitchat/handler/route_events.go:14.75,16.47 2 0
github.com/DavidSchott/chitchat/handler/route_events.go:58.2,58.8 1 0
github.com/DavidSchott/chitchat/handler/route_events.go:16.47,19.17 2 0
github.com/DavidSchott/chitchat/handler/route_events.go:24.3,29.51 5 0
github.com/DavidSchott/chitchat/handler/route_events.go:34.3,37.20 3 0
github.com/DavidSchott/chitchat/handler/route_events.go:45.3,45.23 1 0
github.com/DavidSchott/chitchat/handler/route_events.go:19.17,22.4 2 0
github.com/DavidSchott/chitchat/handler/route_events.go:29.51,32.4 2 0
github.com/DavidSchott/chitchat/handler/route_events.go:37.20,42.4 1 0
github.com/DavidSchott/chitchat/handler/route_events.go:46.25,49.30 2 0
github.com/DavidSchott/chitchat/handler/route_events.go:50.23,51.28 1 0
github.com/DavidSchott/chitchat/handler/route_events.go:52.11,55.28 2 0
github.com/DavidSchott/chitchat/handler/route_events.go:61.94,66.2 3 0
github.com/DavidSchott/chitchat/handler/route_events.go:68.94,75.45 2 0
github.com/DavidSchott/chitchat/handler/route_events.go:80.2,81.12 2 0
github.com/DavidSchott/chitchat/handler/route_events.go:85.2,85.8 1 0
github.com/DavidSchott/chitchat/handler/route_events.go:75.45,79.3 3 0
github.com/DavidSchott/chitchat/handler/route_events.go:81.12,84.3 2 0
github.com/DavidSchott/chitchat/handler/route_events.go:88.96,94.12 4 0
github.com/DavidSchott/chitchat/handler/route_events.go:98.2,98.17 1 0
github.com/DavidSchott/chitchat/handler/route_events.go:94.12,97.3 2 0
github.com/DavidSchott/chitchat/handler/route_events.go:104.69,106.47 2 0
github.com/DavidSchott/chitchat/handler/route_events.go:152.2,152.8 1 0
github.com/DavidSchott/chitchat/handler/route_events.go:106.47,109.17 2 0
github.com/DavidSchott/chitchat/handler/route_events.go:116.3,126.16 4 0
github.com/DavidSchott/chitchat/handler/route_events.go:131.3,133.7 2 0
github.com/DavidSchott/chitchat/handler/route_events.go:109.17,112.4 2 0
github.com/DavidSchott/chitchat/handler/route_events.go:126.16,128.4 1 0
github.com/DavidSchott/chitchat/handler/route_events.go:133.7,134.11 1 0
github.com/DavidSchott/chitchat/handler/route_events.go:135.18,137.15 2 0
github.com/DavidSchott/chitchat/handler/route_events.go:138.12,144.20 2 0
github.com/DavidSchott/chitchat/handler/route_events.go:147.8,150.3 2 0
github.com/DavidSchott/chitchat/handler/route_site.go:12.56,14.16 2 0
github.com/DavidSchott/chitchat/handler/route_site.go:14.16,16.3 1 0
github.com/DavidSchott/chitchat/handler/route_site.go:16.8,21.3 2 0
github.com/DavidSchott/chitchat/handler/route_site.go:26.52,28.2 1 0
github.com/DavidSchott/chitchat/handler/route_site.go:32.54,34.47 2 0
github.com/DavidSchott/chitchat/handler/route_site.go:34.47,36.17 2 0
github.com/DavidSchott/chitchat/handler/route_site.go:39.3,39.38 1 0
github.com/DavidSchott/chitchat/handler/route_site.go:36.17,38.4 1 0
github.com/DavidSchott/chitchat/handler/route_site.go:45.67,47.47 2 0
github.com/DavidSchott/chitchat/handler/route_site.go:55.2,55.8 1 0
github.com/DavidSchott/chitchat/handler/route_site.go:47.47,49.17 2 0
github.com/DavidSchott/chitchat/handler/route_site.go:53.3,53.146 1 0
github.com/DavidSchott/chitchat/handler/route_site.go:49.17,52.4 2 0
github.com/DavidSchott/chitchat/handler/utils.go:19.26,21.2 1 0
github.com/DavidSchott/chitchat/handler/utils.go:24.32,27.2 2 27
github.com/DavidSchott/chitchat/handler/utils.go:29.34,32.2 2 5
github.com/DavidSchott/chitchat/handler/utils.go:34.35,37.2 2 25
github.com/DavidSchott/chitchat/handler/utils.go:40.76,43.13 3 21
github.com/DavidSchott/chitchat/handler/utils.go:53.2,54.19 2 21
github.com/DavidSchott/chitchat/handler/utils.go:43.13,47.3 1 6
github.com/DavidSchott/chitchat/handler/utils.go:47.8,52.3 1 15
github.com/DavidSchott/chitchat/handler/utils.go:57.86,59.33 2 0
github.com/DavidSchott/chitchat/handler/utils.go:62.2,63.51 2 0
github.com/DavidSchott/chitchat/handler/utils.go:59.33,61.3 1 0
github.com/DavidSchott/chitchat/handler/utils.go:66.85,70.2 3 0
github.com/DavidSchott/chitchat/handler/utils.go:74.54,75.54 1 3
github.com/DavidSchott/chitchat/handler/utils.go:75.54,79.3 3 0
github.com/DavidSchott/chitchat/handler/utils.go:84.59,85.54 1 2
github.com/DavidSchott/chitchat/handler/utils.go:85.54,89.10 2 0
github.com/DavidSchott/chitchat/handler/utils.go:93.3,97.10 5 0
github.com/DavidSchott/chitchat/handler/utils.go:89.10,92.4 2 0
github.com/DavidSchott/chitchat/handler/utils.go:101.75,111.2 3 0
